<?xml version="1.0" encoding="UTF-8"?>
<testsuite name="StatementPrinterTests" tests="2" skipped="0" failures="0" errors="0" timestamp="2022-10-30T01:19:30" hostname="chkane-HeroBook-Pro" time="0.348">
  <properties/>
  <testcase name="exampleStatement()" classname="StatementPrinterTests" time="0.31"/>
  <testcase name="statementWithNewPlayTypes()" classname="StatementPrinterTests" time="0.035"/>
  <system-out><![CDATA[]]></system-out>
  <system-err><![CDATA[]]></system-err>
</testsuite>
