<?xml version="1.0" encoding="UTF-8"?>
<testsuite name="StatementPrinterTests" tests="2" skipped="0" failures="0" errors="0" timestamp="2022-10-21T22:21:52" hostname="chkane-HeroBook-Pro" time="0.362">
  <properties/>
  <testcase name="exampleStatement()" classname="StatementPrinterTests" time="0.335"/>
  <testcase name="statementWithNewPlayTypes()" classname="StatementPrinterTests" time="0.022"/>
  <system-out><![CDATA[]]></system-out>
  <system-err><![CDATA[]]></system-err>
</testsuite>
