<?xml version="1.0" encoding="UTF-8"?>
<testsuite name="StatementPrinterTests" tests="2" skipped="0" failures="0" errors="0" timestamp="2022-10-23T00:44:42" hostname="chkane-HeroBook-Pro" time="0.975">
  <properties/>
  <testcase name="exampleStatement()" classname="StatementPrinterTests" time="0.83"/>
  <testcase name="statementWithNewPlayTypes()" classname="StatementPrinterTests" time="0.134"/>
  <system-out><![CDATA[<html><head><title>Bootstrap Example</title><meta charset='utf-8'><meta name='viewport' content='width=device-width, initial-scale=1'><link rel='stylesheet' href='https://cdn.jsdelivr.net/npm/bootstrap@4.6.1/dist/css/bootstrap.min.css'><script src='https://cdn.jsdelivr.net/npm/jquery@3.6.0/dist/jquery.slim.min.js'></script><script src='https://cdn.jsdelivr.net/npm/popper.js@1.16.1/dist/umd/popper.min.js'></script><script src='https://cdn.jsdelivr.net/npm/bootstrap@4.6.1/dist/js/bootstrap.bundle.min.js'></script></head> <table class='table table-dark table-striped'><thead><tr><th>Piece</th><th>Seats sold</th><th>Price</th></tr></thead><tbody><tr><th>Hamlet</th><th>55</th><th>$650.00<t/h></tr><tr><th>As You Like It</th><th>35</th><th>$580.00<t/h></tr><tr><th>Othello</th><th>40</th><th>$500.00<t/h></tr><tr><th></th><th>Total owed</th><th>$1,730.00</th></tr><tr><th></th><th>Fidelity points earned</th><th>47</th></tr></tbody></html>
]]></system-out>
  <system-err><![CDATA[]]></system-err>
</testsuite>
