<?xml version="1.0" encoding="UTF-8"?>
<testsuite name="StatementPrinterTests" tests="2" skipped="0" failures="0" errors="0" timestamp="2022-10-31T19:33:39" hostname="chkane-HeroBook-Pro" time="0.44">
  <properties/>
  <testcase name="exampleStatement()" classname="StatementPrinterTests" time="0.408"/>
  <testcase name="statementWithNewPlayTypes()" classname="StatementPrinterTests" time="0.026"/>
  <system-out><![CDATA[]]></system-out>
  <system-err><![CDATA[]]></system-err>
</testsuite>
