<?xml version="1.0" encoding="UTF-8"?>
<testsuite name="StatementPrinterTests" tests="2" skipped="0" failures="0" errors="0" timestamp="2022-11-05T11:13:30" hostname="chkane-HeroBook-Pro" time="0.515">
  <properties/>
  <testcase name="exampleStatement()" classname="StatementPrinterTests" time="0.452"/>
  <testcase name="statementWithNewPlayTypes()" classname="StatementPrinterTests" time="0.058"/>
  <system-out><![CDATA[]]></system-out>
  <system-err><![CDATA[]]></system-err>
</testsuite>
